{
  "RSpec": {
    "coverage": {
      "/Users/marwaelali/Projects/weekly-challenges/week10/bank-tech-test/spec/account_spec.rb": [
        1,
        1,
        null,
        1,
        7,
        5,
        3,
        null,
        1,
        1,
        null,
        null,
        1,
        4,
        null,
        null,
        1,
        1,
        4,
        null,
        null,
        1,
        1,
        2,
        null,
        null,
        1,
        1,
        1,
        1,
        null,
        null,
        null,
        null,
        null,
        1,
        1,
        1,
        1,
        2,
        null,
        null,
        null,
        null,
        null,
        null,
        null,
        null,
        null,
        null,
        null,
        null
      ],
      "/Users/marwaelali/Projects/weekly-challenges/week10/bank-tech-test/lib/account.rb": [
        1,
        1,
        null,
        1,
        1,
        null,
        1,
        7,
        7,
        null,
        null,
        1,
        5,
        5,
        5,
        null,
        null,
        1,
        4,
        4,
        3,
        3,
        3,
        null,
        null,
        1,
        1,
        1,
        null,
        null,
        null,
        1
      ],
      "/Users/marwaelali/Projects/weekly-challenges/week10/bank-tech-test/lib/transactions.rb": [
        1,
        null,
        1,
        1,
        null,
        1,
        9,
        null,
        null,
        1,
        8,
        null,
        null,
        1,
        5,
        null,
        null
      ],
      "/Users/marwaelali/Projects/weekly-challenges/week10/bank-tech-test/lib/statement.rb": [
        1,
        null,
        1,
        1,
        null,
        1,
        2,
        null,
        null,
        1,
        2,
        2,
        2,
        2,
        null,
        2,
        null,
        null
      ],
      "/Users/marwaelali/Projects/weekly-challenges/week10/bank-tech-test/spec/statement_spec.rb": [
        1,
        null,
        1,
        2,
        2,
        1,
        2,
        null,
        null,
        null,
        null,
        null,
        null,
        null,
        null,
        null
      ],
      "/Users/marwaelali/Projects/weekly-challenges/week10/bank-tech-test/spec/transactions_spec.rb": [
        1,
        null,
        1,
        3,
        3,
        3,
        null,
        1,
        1,
        1,
        1,
        null,
        null,
        null,
        null,
        null,
        1,
        1,
        1,
        1,
        1,
        null,
        null,
        null,
        null,
        null,
        null
      ]
    },
    "timestamp": 1527167825
  }
}
