{
  "RSpec": {
    "coverage": {
      "/Users/marwaelali/Projects/weekly-challenges/week10/bank-tech-test/spec/account_spec.rb": [
        1,
        1,
        null,
        1,
        6,
        5,
        2,
        null,
        1,
        1,
        null,
        null,
        1,
        4,
        null,
        null,
        1,
        1,
        4,
        null,
        null,
        1,
        1,
        2,
        null,
        null,
        1,
        1,
        1,
        1,
        null,
        null,
        null,
        null,
        null,
        null,
        null,
        null,
        null,
        null,
        null,
        null,
        null,
        null,
        null,
        null,
        null,
        null,
        null
      ],
      "/Users/marwaelali/Projects/weekly-challenges/week10/bank-tech-test/lib/account.rb": [
        1,
        null,
        1,
        1,
        null,
        1,
        6,
        6,
        null,
        null,
        1,
        3,
        3,
        3,
        null,
        null,
        1,
        3,
        3,
        2,
        2,
        2,
        null,
        null,
        1,
        null,
        null,
        null,
        null,
        1
      ],
      "/Users/marwaelali/Projects/weekly-challenges/week10/bank-tech-test/lib/transactions.rb": [
        1,
        null,
        1,
        1,
        null,
        1,
        8,
        null,
        null,
        1,
        6,
        null,
        null,
        1,
        4,
        null,
        null
      ],
      "/Users/marwaelali/Projects/weekly-challenges/week10/bank-tech-test/spec/statement_spec.rb": [
        1,
        null,
        1,
        2,
        2,
        1,
        2,
        null,
        null,
        null,
        null,
        null,
        null,
        null,
        null,
        null
      ],
      "/Users/marwaelali/Projects/weekly-challenges/week10/bank-tech-test/lib/statement.rb": [
        1,
        null,
        1,
        1,
        null,
        1,
        1,
        null,
        null,
        1,
        1,
        1,
        1,
        1,
        null,
        1,
        null,
        null
      ],
      "/Users/marwaelali/Projects/weekly-challenges/week10/bank-tech-test/spec/transactions_spec.rb": [
        1,
        null,
        1,
        3,
        3,
        3,
        null,
        1,
        1,
        1,
        1,
        null,
        null,
        null,
        null,
        null,
        1,
        1,
        1,
        1,
        1,
        null,
        null,
        null,
        null,
        null,
        null
      ]
    },
    "timestamp": 1527160642
  }
}
